bottom/app/build/intermediates/manifest_merge_blame_file/debug/manifest-merger-blame-debug-report.txt
1<?xml version="1.0" encoding="utf-8"?>
2<manifest xmlns:android="http://schemas.android.com/apk/res/android"
3    package="com.example.bottom"
4    android:versionCode="1"
5    android:versionName="1.0" >
6
7    <uses-sdk
8        android:minSdkVersion="21"
8-->src\main\AndroidManifest.xml
9        android:targetSdkVersion="31" />
9-->src\main\AndroidManifest.xml
10
11    <uses-permission android:name="android.permission.INTERNET" />
11-->src\main\AndroidManifest.xml:5:5-67
11-->src\main\AndroidManifest.xml:5:22-64
12
13    <application
13-->src\main\AndroidManifest.xml:7:5-50:19
14        android:allowBackup="true"
14-->src\main\AndroidManifest.xml:8:9-35
15        android:appComponentFactory="androidx.core.app.CoreComponentFactory"
15-->[androidx.core:core:1.5.0] AndroidManifest.xml:24:18-86
16        android:debuggable="true"
17        android:icon="@mipmap/ic_launcher"
17-->src\main\AndroidManifest.xml:9:9-43
18        android:label="@string/app_name"
18-->src\main\AndroidManifest.xml:10:9-41
19        android:roundIcon="@mipmap/ic_launcher_round"
19-->src\main\AndroidManifest.xml:11:9-54
20        android:supportsRtl="true"
20-->src\main\AndroidManifest.xml:12:9-35
21        android:testOnly="true"
22        android:theme="@style/Theme.Bottom"
22-->src\main\AndroidManifest.xml:13:9-44
23        android:usesCleartextTraffic="true" >
23-->src\main\AndroidManifest.xml:14:9-44
24        <activity
24-->src\main\AndroidManifest.xml:15:9-17:39
25            android:name="com.example.bottom.DangKy2Activity"
25-->src\main\AndroidManifest.xml:16:13-44
26            android:exported="true" />
26-->src\main\AndroidManifest.xml:17:13-36
27        <activity
27-->src\main\AndroidManifest.xml:18:9-20:39
28            android:name="com.example.bottom.DangKy1Activity"
28-->src\main\AndroidManifest.xml:19:13-44
29            android:exported="true" />
29-->src\main\AndroidManifest.xml:20:13-36
30        <activity
30-->src\main\AndroidManifest.xml:21:9-23:39
31            android:name="com.example.bottom.DangNhapActivity"
31-->src\main\AndroidManifest.xml:22:13-45
32            android:exported="true" />
32-->src\main\AndroidManifest.xml:23:13-36
33        <activity
33-->src\main\AndroidManifest.xml:24:9-26:39
34            android:name="com.example.bottom.TrangChuActivity"
34-->src\main\AndroidManifest.xml:25:13-45
35            android:exported="true" />
35-->src\main\AndroidManifest.xml:26:13-36
36        <activity
36-->src\main\AndroidManifest.xml:27:9-29:39
37            android:name="com.example.bottom.TimKiemActivity"
37-->src\main\AndroidManifest.xml:28:13-44
38            android:exported="true" />
38-->src\main\AndroidManifest.xml:29:13-36
39        <activity
39-->src\main\AndroidManifest.xml:30:9-32:39
40            android:name="com.example.bottom.danhMucConActivity"
40-->src\main\AndroidManifest.xml:31:13-47
41            android:exported="true" />
41-->src\main\AndroidManifest.xml:32:13-36
42        <activity
42-->src\main\AndroidManifest.xml:33:9-35:39
43            android:name="com.example.bottom.ChiTietActivity"
43-->src\main\AndroidManifest.xml:34:13-44
44            android:exported="true" />
44-->src\main\AndroidManifest.xml:35:13-36
45        <activity
45-->src\main\AndroidManifest.xml:36:9-45:20
46            android:name="com.example.bottom.MainActivity"
46-->src\main\AndroidManifest.xml:37:13-41
47            android:exported="true"
47-->src\main\AndroidManifest.xml:38:13-36
48            android:label="@string/app_name" >
48-->src\main\AndroidManifest.xml:39:13-45
49            <intent-filter>
49-->src\main\AndroidManifest.xml:40:13-44:29
50                <action android:name="android.intent.action.MAIN" />
50-->src\main\AndroidManifest.xml:41:17-69
50-->src\main\AndroidManifest.xml:41:25-66
51
52                <category android:name="android.intent.category.LAUNCHER" />
52-->src\main\AndroidManifest.xml:43:17-77
52-->src\main\AndroidManifest.xml:43:27-74
53            </intent-filter>
54        </activity>
55
56        <meta-data
56-->src\main\AndroidManifest.xml:47:9-49:57
57            android:name="preloaded_fonts"
57-->src\main\AndroidManifest.xml:48:13-43
58            android:resource="@array/preloaded_fonts" />
58-->src\main\AndroidManifest.xml:49:13-54
59    </application>
60
61</manifest>